app/build/outputs/apk/manifest-merger-debug-report.txt
-- Merging decision tree log ---
manifest
ADDED from AndroidManifest.xml:2:1
	package
		ADDED from AndroidManifest.xml:3:5
		INJECTED from AndroidManifest.xml:0:0
		INJECTED from AndroidManifest.xml:0:0
	android:versionName
		ADDED from AndroidManifest.xml:5:5
	android:versionCode
		ADDED from AndroidManifest.xml:4:5
		INJECTED from AndroidManifest.xml:0:0
		INJECTED from AndroidManifest.xml:0:0
	xmlns:android
		ADDED from AndroidManifest.xml:2:11
uses-sdk
ADDED from AndroidManifest.xml:7:5
MERGED from com.android.support:appcompat-v7:20.0.0:16:5
MERGED from com.android.support:support-v4:20.0.0:16:5
	android:targetSdkVersion
		ADDED from AndroidManifest.xml:9:9
		INJECTED from AndroidManifest.xml:0:0
		INJECTED from AndroidManifest.xml:0:0
	android:minSdkVersion
		ADDED from AndroidManifest.xml:8:9
		INJECTED from AndroidManifest.xml:0:0
		INJECTED from AndroidManifest.xml:0:0
application
ADDED from AndroidManifest.xml:11:5
MERGED from com.android.support:appcompat-v7:20.0.0:17:5
MERGED from com.android.support:support-v4:20.0.0:17:5
	android:label
		ADDED from AndroidManifest.xml:14:9
	android:allowBackup
		ADDED from AndroidManifest.xml:12:9
	android:icon
		ADDED from AndroidManifest.xml:13:9
	android:theme
		ADDED from AndroidManifest.xml:15:10
meta-data#com.baidu.lbsapi.API_KEY
ADDED from AndroidManifest.xml:17:17
	android:value
		ADDED from AndroidManifest.xml:19:13
	android:name
		ADDED from AndroidManifest.xml:18:13
activity#com.example.mytime.MainActivity
ADDED from AndroidManifest.xml:20:9
	android:label
		ADDED from AndroidManifest.xml:22:13
	android:name
		ADDED from AndroidManifest.xml:21:13
activity#com.example.mytime.FirstPage
ADDED from AndroidManifest.xml:27:9
	android:label
		ADDED from AndroidManifest.xml:29:13
	android:name
		ADDED from AndroidManifest.xml:28:13
activity#com.example.mytime.LocationPage
ADDED from AndroidManifest.xml:33:9
	android:label
		ADDED from AndroidManifest.xml:35:13
	android:name
		ADDED from AndroidManifest.xml:34:13
activity#com.example.mytime.TimeListPage
ADDED from AndroidManifest.xml:38:9
	android:label
		ADDED from AndroidManifest.xml:40:13
	android:name
		ADDED from AndroidManifest.xml:39:13
activity#com.example.mytime.SignIn
ADDED from AndroidManifest.xml:44:9
	android:label
		ADDED from AndroidManifest.xml:46:13
	android:name
		ADDED from AndroidManifest.xml:45:13
activity#com.example.mytime.SplashActivity
ADDED from AndroidManifest.xml:51:11
	android:label
		ADDED from AndroidManifest.xml:53:13
	android:name
		ADDED from AndroidManifest.xml:52:13
intent-filter#android.intent.action.MAIN+android.intent.category.LAUNCHER
ADDED from AndroidManifest.xml:54:12
action#android.intent.action.MAIN
ADDED from AndroidManifest.xml:55:17
	android:name
		ADDED from AndroidManifest.xml:55:25
category#android.intent.category.LAUNCHER
ADDED from AndroidManifest.xml:57:17
	android:name
		ADDED from AndroidManifest.xml:57:27
activity#com.example.mytime.SignUp
ADDED from AndroidManifest.xml:61:9
	android:label
		ADDED from AndroidManifest.xml:63:13
	android:name
		ADDED from AndroidManifest.xml:62:13
activity#com.example.mytime.InfoActivity
ADDED from AndroidManifest.xml:66:12
	android:label
		ADDED from AndroidManifest.xml:68:13
	android:name
		ADDED from AndroidManifest.xml:67:13
activity#com.example.mytime.StateActivity
ADDED from AndroidManifest.xml:70:12
	android:label
		ADDED from AndroidManifest.xml:72:13
	android:name
		ADDED from AndroidManifest.xml:71:13
service#com.baidu.location.f
ADDED from AndroidManifest.xml:76:5
	android:enabled
		ADDED from AndroidManifest.xml:76:50
	android:process
		ADDED from AndroidManifest.xml:76:73
	android:name
		ADDED from AndroidManifest.xml:76:14
service#com.example.mytime.MainService
ADDED from AndroidManifest.xml:78:9
	android:name
		ADDED from AndroidManifest.xml:79:13
intent-filter#com.baidumap.service.MAINSERVICE
ADDED from AndroidManifest.xml:80:13
action#com.baidumap.service.MAINSERVICE
ADDED from AndroidManifest.xml:81:17
	android:name
		ADDED from AndroidManifest.xml:81:25
uses-permission#android.permission.WRITE_EXTERNAL_STORAGE
ADDED from AndroidManifest.xml:87:5
	android:name
		ADDED from AndroidManifest.xml:87:22
uses-permission#android.permission.MOUNT_UNMOUNT_FILESYSTEMS
ADDED from AndroidManifest.xml:88:5
	android:name
		ADDED from AndroidManifest.xml:88:22
uses-permission#android.permission.CHANGE_NETWORK_STATE
ADDED from AndroidManifest.xml:91:4
	android:name
		ADDED from AndroidManifest.xml:91:21
uses-permission#android.permission.CHANGE_WIFI_STATE
ADDED from AndroidManifest.xml:92:5
	android:name
		ADDED from AndroidManifest.xml:92:22
uses-permission#android.permission.ACCESS_NETWORK_STATE
ADDED from AndroidManifest.xml:93:5
	android:name
		ADDED from AndroidManifest.xml:93:22
uses-permission#android.permission.ACCESS_WIFI_STATE
ADDED from AndroidManifest.xml:94:5
	android:name
		ADDED from AndroidManifest.xml:94:22
uses-permission#android.permission.INTERNET
ADDED from AndroidManifest.xml:95:5
	android:name
		ADDED from AndroidManifest.xml:95:22
uses-permission#android.permission.ACCESS_MOCK_LOCATION
ADDED from AndroidManifest.xml:98:5
	android:name
		ADDED from AndroidManifest.xml:98:22
uses-permission#android.permission.ACCESS_LOCATION_EXTRA_COMMANDS
ADDED from AndroidManifest.xml:99:3
	android:name
		ADDED from AndroidManifest.xml:99:20
uses-permission#android.permission.ACCESS_FINE_LOCATION
ADDED from AndroidManifest.xml:100:3
	android:name
		ADDED from AndroidManifest.xml:100:20
uses-permission#android.permission.ACCESS_COARSE_LOCATION
ADDED from AndroidManifest.xml:101:3
	android:name
		ADDED from AndroidManifest.xml:101:20
permission#android.permission.BAIDU_LOCATION_SERVICE
ADDED from AndroidManifest.xml:102:6
	android:name
		ADDED from AndroidManifest.xml:102:18
uses-permission#android.permission.GET_ACCOUNTS
ADDED from AndroidManifest.xml:104:9
	android:name
		ADDED from AndroidManifest.xml:104:26
uses-permission#android.permission.USE_CREDENTIALS
ADDED from AndroidManifest.xml:105:5
	android:name
		ADDED from AndroidManifest.xml:105:22
uses-permission#android.permission.MANAGE_ACCOUNTS
ADDED from AndroidManifest.xml:106:5
	android:name
		ADDED from AndroidManifest.xml:106:22
uses-permission#android.permission.AUTHENTICATE_ACCOUNTS
ADDED from AndroidManifest.xml:107:5
	android:name
		ADDED from AndroidManifest.xml:107:22
uses-permission#android.permission.BAIDU_LOCATION_SERVICE
ADDED from AndroidManifest.xml:111:5
	android:name
		ADDED from AndroidManifest.xml:111:22
uses-permission#com.android.launcher.permission.READ_SETTINGS
ADDED from AndroidManifest.xml:124:5
	android:name
		ADDED from AndroidManifest.xml:124:22
uses-permission#android.permission.WAKE_LOCK
ADDED from AndroidManifest.xml:125:5
	android:name
		ADDED from AndroidManifest.xml:125:22
uses-permission#android.permission.ACCESS_GPS
ADDED from AndroidManifest.xml:129:5
	android:name
		ADDED from AndroidManifest.xml:129:22
uses-permission#android.permission.READ_PHONE_STATE
ADDED from AndroidManifest.xml:130:5
	android:name
		ADDED from AndroidManifest.xml:130:22
uses-permission#android.permission.READ_CONTACTS
ADDED from AndroidManifest.xml:131:5
	android:name
		ADDED from AndroidManifest.xml:131:22
uses-permission#android.permission.CALL_PHONE
ADDED from AndroidManifest.xml:132:5
	android:name
		ADDED from AndroidManifest.xml:132:22
uses-permission#android.permission.READ_SMS
ADDED from AndroidManifest.xml:133:5
	android:name
		ADDED from AndroidManifest.xml:133:22
uses-permission#android.permission.SEND_SMS
ADDED from AndroidManifest.xml:134:5
	android:name
		ADDED from AndroidManifest.xml:134:22
uses-permission#android.permission.GET_TASKS
ADDED from AndroidManifest.xml:136:5
	android:name
		ADDED from AndroidManifest.xml:136:22
uses-permission#android.permission.CAMERA
ADDED from AndroidManifest.xml:137:5
	android:name
		ADDED from AndroidManifest.xml:137:22
uses-permission#android.permission.RECORD_AUDIO
ADDED from AndroidManifest.xml:139:5
	android:name
		ADDED from AndroidManifest.xml:139:22
uses-permission#android.permission.RECEIVE_BOOT_COMPLETED
ADDED from AndroidManifest.xml:143:5
	android:name
		ADDED from AndroidManifest.xml:143:22
uses-permission#android.permission.BROADCAST_STICKY
ADDED from AndroidManifest.xml:144:5
	android:name
		ADDED from AndroidManifest.xml:144:22
uses-permission#android.permission.WRITE_SETTINGS
ADDED from AndroidManifest.xml:145:5
	android:name
		ADDED from AndroidManifest.xml:145:22